================================================================================
JSON CONVERSION LOG
================================================================================

Generated: 2025-12-15 09:37:43

SUMMARY
--------------------------------------------------------------------------------
Total files processed: 160
Successfully converted: 157
Pre-validation failed: 2
Conversion failed: 0
Post-validation failed: 1
Total failed: 3
Success rate: 98.12%

================================================================================
ERRORS
================================================================================

File: 403197913496.json
Question ID: 403197913496
Error Type: Pre-Conversion Validation
Message: Part 1 (puzzle): Piece at index 0 is missing or has invalid 'index'
Timestamp: 2025-12-15 09:37:43
--------------------------------------------------------------------------------

File: 403197913496.json
Question ID: 403197913496
Error Type: Pre-Conversion Validation
Message: Part 1 (puzzle): Piece at index 0 is missing or has invalid 'fixed_order'
Timestamp: 2025-12-15 09:37:43
--------------------------------------------------------------------------------

File: 403197913496.json
Question ID: 403197913496
Error Type: Pre-Conversion Validation
Message: Part 1 (puzzle): Piece at index 6 is missing or has invalid 'correct_order'
Timestamp: 2025-12-15 09:37:43
--------------------------------------------------------------------------------

File: 965135419301.json
Question ID: 965135419301
Error Type: Pre-Conversion Validation
Message: Part 1 (puzzle): Piece at index 0 is missing or has invalid 'index'
Timestamp: 2025-12-15 09:37:43
--------------------------------------------------------------------------------

File: 965135419301.json
Question ID: 965135419301
Error Type: Pre-Conversion Validation
Message: Part 1 (puzzle): Piece at index 0 is missing or has invalid 'fixed_order'
Timestamp: 2025-12-15 09:37:43
--------------------------------------------------------------------------------

File: 965135419301.json
Question ID: 965135419301
Error Type: Pre-Conversion Validation
Message: Part 1 (puzzle): Piece at index 6 is missing or has invalid 'correct_order'
Timestamp: 2025-12-15 09:37:43
--------------------------------------------------------------------------------

File: 907186560841.json
Question ID: 907186560841
Error Type: Post-Conversion Validation
Message: Part 1 (ordering): 'items' must be an array
Timestamp: 2025-12-15 09:37:43
--------------------------------------------------------------------------------

File: 907186560841.json
Question ID: 907186560841
Error Type: Post-Conversion Validation
Message: Part 1 (ordering): 'correct_answer' must be an array
Timestamp: 2025-12-15 09:37:43
--------------------------------------------------------------------------------

