================================================================================
JSON CONVERSION LOG
================================================================================

Generated: 2025-12-21 12:39:44

SUMMARY
--------------------------------------------------------------------------------
Total files processed: 163
Successfully converted: 159
Pre-validation failed: 2
Conversion failed: 1
Post-validation failed: 1
Total failed: 4
Total warnings: 1
Success rate: 97.55%

================================================================================
ERRORS
================================================================================

File: 713151894971.json
Question ID: 713151894971
Error Type: Conversion
Message: Unknown part type: gmrq
Timestamp: 2025-12-21 12:39:44
--------------------------------------------------------------------------------

File: 403197913496.json
Question ID: 403197913496
Error Type: Pre-Conversion Validation
Message: Part 1 (puzzle): Piece at index 0 is missing or has invalid 'index'
Timestamp: 2025-12-21 12:39:44
--------------------------------------------------------------------------------

File: 403197913496.json
Question ID: 403197913496
Error Type: Pre-Conversion Validation
Message: Part 1 (puzzle): Piece at index 0 is missing or has invalid 'fixed_order'
Timestamp: 2025-12-21 12:39:44
--------------------------------------------------------------------------------

File: 403197913496.json
Question ID: 403197913496
Error Type: Pre-Conversion Validation
Message: Part 1 (puzzle): Piece at index 6 is missing or has invalid 'correct_order'
Timestamp: 2025-12-21 12:39:44
--------------------------------------------------------------------------------

File: 965135419301.json
Question ID: 965135419301
Error Type: Pre-Conversion Validation
Message: Part 1 (puzzle): Piece at index 0 is missing or has invalid 'index'
Timestamp: 2025-12-21 12:39:44
--------------------------------------------------------------------------------

File: 965135419301.json
Question ID: 965135419301
Error Type: Pre-Conversion Validation
Message: Part 1 (puzzle): Piece at index 0 is missing or has invalid 'fixed_order'
Timestamp: 2025-12-21 12:39:44
--------------------------------------------------------------------------------

File: 965135419301.json
Question ID: 965135419301
Error Type: Pre-Conversion Validation
Message: Part 1 (puzzle): Piece at index 6 is missing or has invalid 'correct_order'
Timestamp: 2025-12-21 12:39:44
--------------------------------------------------------------------------------

File: 907186560841.json
Question ID: 907186560841
Error Type: Post-Conversion Validation
Message: Part 1 (ordering): 'items' must be an array
Timestamp: 2025-12-21 12:39:44
--------------------------------------------------------------------------------

File: 907186560841.json
Question ID: 907186560841
Error Type: Post-Conversion Validation
Message: Part 1 (ordering): 'correct_answer' must be an array
Timestamp: 2025-12-21 12:39:44
--------------------------------------------------------------------------------


================================================================================
WARNINGS
================================================================================

File: 742160457690.json
Question ID: 742160457690
Warning: Root 'answer' field for single-part question must contain exactly one <p> tag, but found 2 top-level elements
Timestamp: 2025-12-21 12:39:44
--------------------------------------------------------------------------------

